2022-11-16 16:16:31 0 [Note] InnoDB: The first data file './ibdata1' did not exist. A new tablespace will be created!
2022-11-16 16:16:31 0 [Note] InnoDB: Compressed tables use zlib 1.2.12
2022-11-16 16:16:31 0 [Note] InnoDB: Using transactional memory
2022-11-16 16:16:31 0 [Note] InnoDB: Number of pools: 1
2022-11-16 16:16:31 0 [Note] InnoDB: Using crc32 + pclmulqdq instructions
2022-11-16 16:16:31 0 [Note] InnoDB: Initializing buffer pool, total size = 20971520, chunk size = 20971520
2022-11-16 16:16:31 0 [Note] InnoDB: Completed initialization of buffer pool
2022-11-16 16:16:31 0 [Note] InnoDB: Setting file './ibdata1' size to 12 MB. Physically writing the file full; Please wait ...
2022-11-16 16:16:31 0 [Note] InnoDB: File './ibdata1' size is now 12 MB.
2022-11-16 16:16:31 0 [Note] InnoDB: Setting log file ./ib_logfile101 size to 100663296 bytes
2022-11-16 16:16:31 0 [Note] InnoDB: Renaming log file ./ib_logfile101 to ./ib_logfile0
2022-11-16 16:16:31 0 [Note] InnoDB: New log file created, LSN=10313
2022-11-16 16:16:31 0 [Note] InnoDB: Doublewrite buffer not found: creating new
2022-11-16 16:16:31 0 [Note] InnoDB: Doublewrite buffer created
2022-11-16 16:16:31 0 [Note] InnoDB: 128 rollback segments are active.
2022-11-16 16:16:31 0 [Note] InnoDB: Creating shared tablespace for temporary tables
2022-11-16 16:16:31 0 [Note] InnoDB: Setting file './ibtmp1' size to 12 MB. Physically writing the file full; Please wait ...
2022-11-16 16:16:31 0 [Note] InnoDB: File './ibtmp1' size is now 12 MB.
2022-11-16 16:16:31 0 [Note] InnoDB: 10.6.11 started; log sequence number 0; transaction id 3
2022-11-16 16:16:31 0 [Note] Plugin 'FEEDBACK' is disabled.
